kotlin version: 2.0.21
error message: org.jetbrains.kotlin.backend.common.BackendException: Backend Internal error: Exception during IR lowering
File being compiled: D:/AndroidProjects/AiCamera2/app/src/main/java/com/example/aicamera/ui/CameraScreen.kt
The root cause java.lang.RuntimeException was thrown at: org.jetbrains.kotlin.backend.jvm.codegen.FunctionCodegen.generate(FunctionCodegen.kt:47)
	at org.jetbrains.kotlin.backend.common.CodegenUtil.reportBackendException(CodegenUtil.kt:253)
	at org.jetbrains.kotlin.backend.common.CodegenUtil.reportBackendException$default(CodegenUtil.kt:236)
	at org.jetbrains.kotlin.backend.common.phaser.PerformByIrFilePhase.invokeSequential(performByIrFile.kt:65)
	at org.jetbrains.kotlin.backend.common.phaser.PerformByIrFilePhase.invoke(performByIrFile.kt:52)
	at org.jetbrains.kotlin.backend.common.phaser.PerformByIrFilePhase.invoke(performByIrFile.kt:38)
	at org.jetbrains.kotlin.backend.common.phaser.NamedCompilerPhase.phaseBody(CompilerPhase.kt:166)
	at org.jetbrains.kotlin.backend.common.phaser.AbstractNamedCompilerPhase.invoke(CompilerPhase.kt:113)
	at org.jetbrains.kotlin.backend.common.phaser.CompositePhase.invoke(PhaseBuilders.kt:27)
	at org.jetbrains.kotlin.backend.common.phaser.CompositePhase.invoke(PhaseBuilders.kt:14)
	at org.jetbrains.kotlin.backend.common.phaser.NamedCompilerPhase.phaseBody(CompilerPhase.kt:166)
	at org.jetbrains.kotlin.backend.common.phaser.AbstractNamedCompilerPhase.invoke(CompilerPhase.kt:113)
	at org.jetbrains.kotlin.backend.common.phaser.CompilerPhaseKt.invokeToplevel(CompilerPhase.kt:62)
	at org.jetbrains.kotlin.backend.jvm.JvmIrCodegenFactory.invokeCodegen(JvmIrCodegenFactory.kt:371)
	at org.jetbrains.kotlin.codegen.CodegenFactory.generateModule(CodegenFactory.kt:47)
	at org.jetbrains.kotlin.backend.jvm.JvmIrCodegenFactory.generateModuleInFrontendIRMode(JvmIrCodegenFactory.kt:433)
	at org.jetbrains.kotlin.cli.jvm.compiler.pipeline.JvmCompilerPipelineKt.generateCodeFromIr(jvmCompilerPipeline.kt:246)
	at org.jetbrains.kotlin.cli.jvm.compiler.pipeline.JvmCompilerPipelineKt.compileModulesUsingFrontendIrAndLightTree(jvmCompilerPipeline.kt:142)
	at org.jetbrains.kotlin.cli.jvm.K2JVMCompiler.doExecute(K2JVMCompiler.kt:148)
	at org.jetbrains.kotlin.cli.jvm.K2JVMCompiler.doExecute(K2JVMCompiler.kt:43)
	at org.jetbrains.kotlin.cli.common.CLICompiler.execImpl(CLICompiler.kt:103)
	at org.jetbrains.kotlin.cli.common.CLICompiler.execImpl(CLICompiler.kt:49)
	at org.jetbrains.kotlin.cli.common.CLITool.exec(CLITool.kt:101)
	at org.jetbrains.kotlin.incremental.IncrementalJvmCompilerRunner.runCompiler(IncrementalJvmCompilerRunner.kt:464)
	at org.jetbrains.kotlin.incremental.IncrementalJvmCompilerRunner.runCompiler(IncrementalJvmCompilerRunner.kt:73)
	at org.jetbrains.kotlin.incremental.IncrementalCompilerRunner.doCompile(IncrementalCompilerRunner.kt:506)
	at org.jetbrains.kotlin.incremental.IncrementalCompilerRunner.compileImpl(IncrementalCompilerRunner.kt:423)
	at org.jetbrains.kotlin.incremental.IncrementalCompilerRunner.compileNonIncrementally(IncrementalCompilerRunner.kt:301)
	at org.jetbrains.kotlin.incremental.IncrementalCompilerRunner.compile(IncrementalCompilerRunner.kt:129)
	at org.jetbrains.kotlin.daemon.CompileServiceImplBase.execIncrementalCompiler(CompileServiceImpl.kt:675)
	at org.jetbrains.kotlin.daemon.CompileServiceImplBase.access$execIncrementalCompiler(CompileServiceImpl.kt:92)
	at org.jetbrains.kotlin.daemon.CompileServiceImpl.compile(CompileServiceImpl.kt:1660)
	at java.base/jdk.internal.reflect.NativeMethodAccessorImpl.invoke0(Native Method)
	at java.base/jdk.internal.reflect.NativeMethodAccessorImpl.invoke(NativeMethodAccessorImpl.java:77)
	at java.base/jdk.internal.reflect.DelegatingMethodAccessorImpl.invoke(DelegatingMethodAccessorImpl.java:43)
	at java.base/java.lang.reflect.Method.invoke(Method.java:569)
	at java.rmi/sun.rmi.server.UnicastServerRef.dispatch(UnicastServerRef.java:360)
	at java.rmi/sun.rmi.transport.Transport$1.run(Transport.java:200)
	at java.rmi/sun.rmi.transport.Transport$1.run(Transport.java:197)
	at java.base/java.security.AccessController.doPrivileged(AccessController.java:712)
	at java.rmi/sun.rmi.transport.Transport.serviceCall(Transport.java:196)
	at java.rmi/sun.rmi.transport.tcp.TCPTransport.handleMessages(TCPTransport.java:587)
	at java.rmi/sun.rmi.transport.tcp.TCPTransport$ConnectionHandler.run0(TCPTransport.java:828)
	at java.rmi/sun.rmi.transport.tcp.TCPTransport$ConnectionHandler.lambda$run$0(TCPTransport.java:705)
	at java.base/java.security.AccessController.doPrivileged(AccessController.java:399)
	at java.rmi/sun.rmi.transport.tcp.TCPTransport$ConnectionHandler.run(TCPTransport.java:704)
	at java.base/java.util.concurrent.ThreadPoolExecutor.runWorker(ThreadPoolExecutor.java:1136)
	at java.base/java.util.concurrent.ThreadPoolExecutor$Worker.run(ThreadPoolExecutor.java:635)
	at java.base/java.lang.Thread.run(Thread.java:840)
Caused by: java.lang.RuntimeException: Exception while generating code for:
FUN name:CameraScreen visibility:public modality:FINAL <> (viewModel:com.example.aicamera.ui.CameraViewModel, lifecycleOwner:androidx.lifecycle.LifecycleOwner, modifier:androidx.compose.ui.Modifier) returnType:kotlin.Unit
  annotations:
    Composable
  VALUE_PARAMETER name:viewModel index:0 type:com.example.aicamera.ui.CameraViewModel
  VALUE_PARAMETER name:lifecycleOwner index:1 type:androidx.lifecycle.LifecycleOwner
  VALUE_PARAMETER name:modifier index:2 type:androidx.compose.ui.Modifier
    EXPRESSION_BODY
      ERROR_EXPR 'Default Stub' type=androidx.compose.ui.Modifier
  BLOCK_BODY
    VAR name:uiState type:com.example.aicamera.ui.CameraUIState [val]
      CALL 'public abstract fun <get-value> (): T of androidx.compose.runtime.State declared in androidx.compose.runtime.State' type=com.example.aicamera.ui.CameraUIState origin=GET_PROPERTY
        $this: TYPE_OP type=androidx.compose.runtime.State<com.example.aicamera.ui.CameraUIState> origin=IMPLICIT_CAST typeOperand=androidx.compose.runtime.State<com.example.aicamera.ui.CameraUIState>
          CALL 'public final fun collectAsState$default <T> (context: kotlin.coroutines.CoroutineContext?, $mask0: kotlin.Int, $handler: kotlin.Any?): androidx.compose.runtime.State<T of androidx.compose.runtime.SnapshotStateKt.collectAsState$default> declared in androidx.compose.runtime.SnapshotStateKt' type=androidx.compose.runtime.State<T of androidx.compose.runtime.SnapshotStateKt.collectAsState$default> origin=DEFAULT_DISPATCH_CALL
            <T>: com.example.aicamera.ui.CameraUIState
            $receiver: CALL 'public final fun <get-uiState> (): kotlinx.coroutines.flow.StateFlow<com.example.aicamera.ui.CameraUIState> declared in com.example.aicamera.ui.CameraViewModel' type=kotlinx.coroutines.flow.StateFlow<com.example.aicamera.ui.CameraUIState> origin=GET_PROPERTY
              $this: GET_VAR 'viewModel: com.example.aicamera.ui.CameraViewModel declared in com.example.aicamera.ui.CameraScreenKt.CameraScreen' type=com.example.aicamera.ui.CameraViewModel origin=null
            context: COMPOSITE type=kotlin.coroutines.CoroutineContext? origin=DEFAULT_VALUE
              CONST Null type=kotlin.coroutines.CoroutineContext? value=null
            $mask0: CONST Int type=kotlin.Int value=1
            $handler: CONST Null type=kotlin.Any? value=null
    VAR name:errorMessage type:kotlin.String? [val]
      CALL 'public abstract fun <get-value> (): T of androidx.compose.runtime.State declared in androidx.compose.runtime.State' type=kotlin.String? origin=GET_PROPERTY
        $this: TYPE_OP type=androidx.compose.runtime.State<kotlin.String?> origin=IMPLICIT_CAST typeOperand=androidx.compose.runtime.State<kotlin.String?>
          CALL 'public final fun collectAsState$default <T> (context: kotlin.coroutines.CoroutineContext?, $mask0: kotlin.Int, $handler: kotlin.Any?): androidx.compose.runtime.State<T of androidx.compose.runtime.SnapshotStateKt.collectAsState$default> declared in androidx.compose.runtime.SnapshotStateKt' type=androidx.compose.runtime.State<T of androidx.compose.runtime.SnapshotStateKt.collectAsState$default> origin=DEFAULT_DISPATCH_CALL
            <T>: kotlin.String?
            $receiver: CALL 'public final fun <get-errorMessage> (): kotlinx.coroutines.flow.StateFlow<kotlin.String?> declared in com.example.aicamera.ui.CameraViewModel' type=kotlinx.coroutines.flow.StateFlow<kotlin.String?> origin=GET_PROPERTY
              $this: GET_VAR 'viewModel: com.example.aicamera.ui.CameraViewModel declared in com.example.aicamera.ui.CameraScreenKt.CameraScreen' type=com.example.aicamera.ui.CameraViewModel origin=null
            context: COMPOSITE type=kotlin.coroutines.CoroutineContext? origin=DEFAULT_VALUE
              CONST Null type=kotlin.coroutines.CoroutineContext? value=null
            $mask0: CONST Int type=kotlin.Int value=1
            $handler: CONST Null type=kotlin.Any? value=null
    VAR name:aiAdvice type:kotlin.String [val]
      CALL 'public abstract fun <get-value> (): T of androidx.compose.runtime.State declared in androidx.compose.runtime.State' type=kotlin.String origin=GET_PROPERTY
        $this: TYPE_OP type=androidx.compose.runtime.State<kotlin.String> origin=IMPLICIT_CAST typeOperand=androidx.compose.runtime.State<kotlin.String>
          CALL 'public final fun collectAsState$default <T> (context: kotlin.coroutines.CoroutineContext?, $mask0: kotlin.Int, $handler: kotlin.Any?): androidx.compose.runtime.State<T of androidx.compose.runtime.SnapshotStateKt.collectAsState$default> declared in androidx.compose.runtime.SnapshotStateKt' type=androidx.compose.runtime.State<T of androidx.compose.runtime.SnapshotStateKt.collectAsState$default> origin=DEFAULT_DISPATCH_CALL
            <T>: kotlin.String
            $receiver: CALL 'public final fun <get-aiAdvice> (): kotlinx.coroutines.flow.StateFlow<kotlin.String> declared in com.example.aicamera.ui.CameraViewModel' type=kotlinx.coroutines.flow.StateFlow<kotlin.String> origin=GET_PROPERTY
              $this: GET_VAR 'viewModel: com.example.aicamera.ui.CameraViewModel declared in com.example.aicamera.ui.CameraScreenKt.CameraScreen' type=com.example.aicamera.ui.CameraViewModel origin=null
            context: COMPOSITE type=kotlin.coroutines.CoroutineContext? origin=DEFAULT_VALUE
              CONST Null type=kotlin.coroutines.CoroutineContext? value=null
            $mask0: CONST Int type=kotlin.Int value=1
            $handler: CONST Null type=kotlin.Any? value=null
    VAR name:voiceGuideEnabled type:kotlin.Boolean [val]
      CALL 'public abstract fun <get-value> (): T of androidx.compose.runtime.State declared in androidx.compose.runtime.State' type=kotlin.Boolean origin=GET_PROPERTY
        $this: TYPE_OP type=androidx.compose.runtime.State<kotlin.Boolean> origin=IMPLICIT_CAST typeOperand=androidx.compose.runtime.State<kotlin.Boolean>
          CALL 'public final fun collectAsState$default <T> (context: kotlin.coroutines.CoroutineContext?, $mask0: kotlin.Int, $handler: kotlin.Any?): androidx.compose.runtime.State<T of androidx.compose.runtime.SnapshotStateKt.collectAsState$default> declared in androidx.compose.runtime.SnapshotStateKt' type=androidx.compose.runtime.State<T of androidx.compose.runtime.SnapshotStateKt.collectAsState$default> origin=DEFAULT_DISPATCH_CALL
            <T>: kotlin.Boolean
            $receiver: CALL 'public final fun <get-voiceGuideEnabled> (): kotlinx.coroutines.flow.StateFlow<kotlin.Boolean> declared in com.example.aicamera.ui.CameraViewModel' type=kotlinx.coroutines.flow.StateFlow<kotlin.Boolean> origin=GET_PROPERTY
              $this: GET_VAR 'viewModel: com.example.aicamera.ui.CameraViewModel declared in com.example.aicamera.ui.CameraScreenKt.CameraScreen' type=com.example.aicamera.ui.CameraViewModel origin=null
            context: COMPOSITE type=kotlin.coroutines.CoroutineContext? origin=DEFAULT_VALUE
              CONST Null type=kotlin.coroutines.CoroutineContext? value=null
            $mask0: CONST Int type=kotlin.Int value=1
            $handler: CONST Null type=kotlin.Any? value=null
    CALL 'public final fun LaunchedEffect (key1: kotlin.Any?, block: @[ExtensionFunctionType] kotlin.coroutines.SuspendFunction1<kotlinx.coroutines.CoroutineScope, kotlin.Unit>): kotlin.Unit declared in androidx.compose.runtime.EffectsKt' type=kotlin.Unit origin=null
      key1: GET_VAR 'val errorMessage: kotlin.String? [val] declared in com.example.aicamera.ui.CameraScreenKt.CameraScreen' type=kotlin.String? origin=null
      block: BLOCK type=com.example.aicamera.ui.CameraScreenKt.CameraScreen.<no name provided> origin=null
        CLASS SUSPEND_LAMBDA CLASS name:<no name provided> modality:FINAL visibility:public/*package*/ superTypes:[kotlin.coroutines.jvm.internal.SuspendLambda; kotlin.jvm.functions.Function2<kotlinx.coroutines.CoroutineScope, kotlin.coroutines.Continuation<kotlin.Unit>?, kotlin.Any?>]
          $this: VALUE_PARAMETER INSTANCE_RECEIVER name:<this> type:com.example.aicamera.ui.CameraScreenKt.CameraScreen.<no name provided>
          FIELD name:label type:kotlin.Int visibility:public/*package*/
          CONSTRUCTOR SUSPEND_LAMBDA visibility:public/*package*/ <> ($errorMessage:kotlin.String?, $completion:kotlin.coroutines.Continuation<com.example.aicamera.ui.CameraScreenKt.CameraScreen.<no name provided>>?) returnType:com.example.aicamera.ui.CameraScreenKt.CameraScreen.<no name provided> [primary]
            VALUE_PARAMETER BOUND_VALUE_PARAMETER name:$errorMessage index:0 type:kotlin.String?
            VALUE_PARAMETER name:$completion index:1 type:kotlin.coroutines.Continuation<com.example.aicamera.ui.CameraScreenKt.CameraScreen.<no name provided>>?
            BLOCK_BODY
              SET_FIELD 'FIELD FIELD_FOR_CAPTURED_VALUE name:$errorMessage type:kotlin.String? visibility:public/*package*/ [final] declared in com.example.aicamera.ui.CameraScreenKt.CameraScreen.<no name provided>' type=kotlin.Unit origin=INITIALIZER_OF_FIELD_FOR_CAPTURED_VALUE
                receiver: GET_VAR '<this>: com.example.aicamera.ui.CameraScreenKt.CameraScreen.<no name provided> declared in com.example.aicamera.ui.CameraScreenKt.CameraScreen.<no name provided>' type=com.example.aicamera.ui.CameraScreenKt.CameraScreen.<no name provided> origin=null
                value: GET_VAR '$errorMessage: kotlin.String? declared in com.example.aicamera.ui.CameraScreenKt.CameraScreen.<no name provided>.<init>' type=kotlin.String? origin=null
              DELEGATING_CONSTRUCTOR_CALL 'public constructor <init> (arity: kotlin.Int, $completion: kotlin.coroutines.Continuation<kotlin.Any?>?) declared in kotlin.coroutines.jvm.internal.SuspendLambda'
                arity: CONST Int type=kotlin.Int value=2
                $completion: GET_VAR '$completion: kotlin.coroutines.Continuation<com.example.aicamera.ui.CameraScreenKt.CameraScreen.<no name provided>>? declared in com.example.aicamera.ui.CameraScreenKt.CameraScreen.<no name provided>.<init>' type=kotlin.coroutines.Continuation<com.example.aicamera.ui.CameraScreenKt.CameraScreen.<no name provided>>? origin=null
              BLOCK type=kotlin.Unit origin=null
          FUN name:invokeSuspend visibility:public modality:FINAL <> ($this:com.example.aicamera.ui.CameraScreenKt.CameraScreen.<no name provided>, $result:kotlin.Result<kotlin.Any?>) returnType:kotlin.Any?
            overridden:
              protected abstract fun invokeSuspend ($result: kotlin.Result<kotlin.Any?>): kotlin.Any? declared in kotlin.coroutines.jvm.internal.SuspendLambda
            $this: VALUE_PARAMETER INSTANCE_RECEIVER name:<this> type:com.example.aicamera.ui.CameraScreenKt.CameraScreen.<no name provided>
            VALUE_PARAMETER name:$result index:0 type:kotlin.Result<kotlin.Any?>
            BLOCK_BODY
              WHEN type=kotlin.Unit origin=IF
                BRANCH
                  if: CALL 'public final fun not (): kotlin.Boolean [operator] declared in kotlin.Boolean' type=kotlin.Boolean origin=null
                    $this: CALL 'public final fun isNullOrEmpty (): kotlin.Boolean [inline] declared in kotlin.text.StringsKt' type=kotlin.Boolean origin=null
                      $receiver: GET_FIELD 'FIELD FIELD_FOR_CAPTURED_VALUE name:$errorMessage type:kotlin.String? visibility:public/*package*/ [final] declared in com.example.aicamera.ui.CameraScreenKt.CameraScreen.<no name provided>' type=kotlin.String? origin=null
                        receiver: GET_VAR '<this>: com.example.aicamera.ui.CameraScreenKt.CameraScreen.<no name provided> declared in com.example.aicamera.ui.CameraScreenKt.CameraScreen.<no name provided>.invokeSuspend' type=com.example.aicamera.ui.CameraScreenKt.CameraScreen.<no name provided> origin=null
                  then: BLOCK type=kotlin.Unit origin=null
          FUN name:create visibility:public modality:FINAL <> ($this:com.example.aicamera.ui.CameraScreenKt.CameraScreen.<no name provided>, value:kotlin.Any?, $completion:kotlin.coroutines.Continuation<kotlin.Nothing>) returnType:kotlin.coroutines.Continuation<kotlin.Unit>
            overridden:
              public open fun create (value: kotlin.Any?, $completion: kotlin.coroutines.Continuation<kotlin.Nothing>): kotlin.coroutines.Continuation<kotlin.Unit> declared in kotlin.coroutines.jvm.internal.SuspendLambda
            $this: VALUE_PARAMETER INSTANCE_RECEIVER name:<this> type:com.example.aicamera.ui.CameraScreenKt.CameraScreen.<no name provided>
            VALUE_PARAMETER name:value index:0 type:kotlin.Any?
            VALUE_PARAMETER name:$completion index:1 type:kotlin.coroutines.Continuation<kotlin.Nothing>
            BLOCK_BODY
              RETURN type=kotlin.Nothing from='public final fun create (value: kotlin.Any?, $completion: kotlin.coroutines.Continuation<kotlin.Nothing>): kotlin.coroutines.Continuation<kotlin.Unit> declared in com.example.aicamera.ui.CameraScreenKt.CameraScreen.<no name provided>'
                CONSTRUCTOR_CALL 'public/*package*/ constructor <init> ($errorMessage: kotlin.String?, $completion: kotlin.coroutines.Continuation<com.example.aicamera.ui.CameraScreenKt.CameraScreen.<no name provided>>?) [primary] declared in com.example.aicamera.ui.CameraScreenKt.CameraScreen.<no name provided>' type=com.example.aicamera.ui.CameraScreenKt.CameraScreen.<no name provided> origin=null
                  $errorMessage: GET_FIELD 'FIELD FIELD_FOR_CAPTURED_VALUE name:$errorMessage type:kotlin.String? visibility:public/*package*/ [final] declared in com.example.aicamera.ui.CameraScreenKt.CameraScreen.<no name provided>' type=kotlin.String? origin=null
                    receiver: GET_VAR '<this>: com.example.aicamera.ui.CameraScreenKt.CameraScreen.<no name provided> declared in com.example.aicamera.ui.CameraScreenKt.CameraScreen.<no name provided>.create' type=com.example.aicamera.ui.CameraScreenKt.CameraScreen.<no name provided> origin=null
                  $completion: GET_VAR '$completion: kotlin.coroutines.Continuation<kotlin.Nothing> declared in com.example.aicamera.ui.CameraScreenKt.CameraScreen.<no name provided>.create' type=kotlin.coroutines.Continuation<kotlin.Nothing> origin=null
          FUN name:invoke visibility:public modality:FINAL <> ($this:com.example.aicamera.ui.CameraScreenKt.CameraScreen.<no name provided>, p1:kotlinx.coroutines.CoroutineScope, p2:kotlin.coroutines.Continuation<kotlin.Unit>?) returnType:kotlin.Any?
            overridden:
              public abstract fun invoke (p1: P1 of kotlin.jvm.functions.Function2, p2: P2 of kotlin.jvm.functions.Function2): R of kotlin.jvm.functions.Function2 declared in kotlin.jvm.functions.Function2
            $this: VALUE_PARAMETER INSTANCE_RECEIVER name:<this> type:com.example.aicamera.ui.CameraScreenKt.CameraScreen.<no name provided>
            VALUE_PARAMETER name:p1 index:0 type:kotlinx.coroutines.CoroutineScope
            VALUE_PARAMETER name:p2 index:1 type:kotlin.coroutines.Continuation<kotlin.Unit>?
            BLOCK_BODY
              RETURN type=kotlin.Nothing from='public final fun invoke (p1: kotlinx.coroutines.CoroutineScope, p2: kotlin.coroutines.Continuation<kotlin.Unit>?): kotlin.Any? declared in com.example.aicamera.ui.CameraScreenKt.CameraScreen.<no name provided>'
                CALL 'public final fun invokeSuspend ($result: kotlin.Result<kotlin.Any?>): kotlin.Any? declared in com.example.aicamera.ui.CameraScreenKt.CameraScreen.<no name provided>' type=kotlin.Any? origin=null
                  $this: TYPE_OP type=com.example.aicamera.ui.CameraScreenKt.CameraScreen.<no name provided> origin=IMPLICIT_CAST typeOperand=com.example.aicamera.ui.CameraScreenKt.CameraScreen.<no name provided>
                    CALL 'public final fun create (value: kotlin.Any?, $completion: kotlin.coroutines.Continuation<kotlin.Nothing>): kotlin.coroutines.Continuation<kotlin.Unit> declared in com.example.aicamera.ui.CameraScreenKt.CameraScreen.<no name provided>' type=kotlin.coroutines.Continuation<kotlin.Unit> origin=null
                      $this: GET_VAR '<this>: com.example.aicamera.ui.CameraScreenKt.CameraScreen.<no name provided> declared in com.example.aicamera.ui.CameraScreenKt.CameraScreen.<no name provided>.invoke' type=com.example.aicamera.ui.CameraScreenKt.CameraScreen.<no name provided> origin=null
                      value: GET_VAR 'p1: kotlinx.coroutines.CoroutineScope declared in com.example.aicamera.ui.CameraScreenKt.CameraScreen.<no name provided>.invoke' type=kotlinx.coroutines.CoroutineScope origin=null
                      $completion: GET_VAR 'p2: kotlin.coroutines.Continuation<kotlin.Unit>? declared in com.example.aicamera.ui.CameraScreenKt.CameraScreen.<no name provided>.invoke' type=kotlin.coroutines.Continuation<kotlin.Unit>? origin=null
                  $result: CALL 'public final fun <unsafe-coerce> <T, R> (v: T of kotlin.jvm.internal.<unsafe-coerce>): R of kotlin.jvm.internal.<unsafe-coerce> declared in kotlin.jvm.internal' type=kotlin.Result<kotlin.Any?> origin=null
                    <T>: kotlin.Any?
                    <R>: kotlin.Result<kotlin.Any?>
                    v: GET_FIELD 'FIELD FIELD_FOR_OBJECT_INSTANCE name:INSTANCE type:kotlin.Unit visibility:public [final,static] declared in kotlin.Unit' type=kotlin.Unit origin=null
          FIELD FIELD_FOR_CAPTURED_VALUE name:$errorMessage type:kotlin.String? visibility:public/*package*/ [final]
          FUN BRIDGE name:invoke visibility:public modality:OPEN <> ($this:com.example.aicamera.ui.CameraScreenKt.CameraScreen.<no name provided>, p1:kotlin.Any?, p2:kotlin.Any?) returnType:kotlin.Any?
            $this: VALUE_PARAMETER INSTANCE_RECEIVER name:<this> type:com.example.aicamera.ui.CameraScreenKt.CameraScreen.<no name provided>
            VALUE_PARAMETER BRIDGE name:p1 index:0 type:kotlin.Any?
            VALUE_PARAMETER BRIDGE name:p2 index:1 type:kotlin.Any?
            EXPRESSION_BODY
              RETURN type=kotlin.Nothing from='public open fun invoke (p1: kotlin.Any?, p2: kotlin.Any?): kotlin.Any? declared in com.example.aicamera.ui.CameraScreenKt.CameraScreen.<no name provided>'
                CALL 'public final fun invoke (p1: kotlinx.coroutines.CoroutineScope, p2: kotlin.coroutines.Continuation<kotlin.Unit>?): kotlin.Any? declared in com.example.aicamera.ui.CameraScreenKt.CameraScreen.<no name provided>' type=kotlin.Any? origin=BRIDGE_DELEGATION
                  $this: GET_VAR '<this>: com.example.aicamera.ui.CameraScreenKt.CameraScreen.<no name provided> declared in com.example.aicamera.ui.CameraScreenKt.CameraScreen.<no name provided>.invoke' type=com.example.aicamera.ui.CameraScreenKt.CameraScreen.<no name provided> origin=null
                  p1: TYPE_OP type=kotlinx.coroutines.CoroutineScope origin=IMPLICIT_CAST typeOperand=kotlinx.coroutines.CoroutineScope
                    GET_VAR 'p1: kotlin.Any? declared in com.example.aicamera.ui.CameraScreenKt.CameraScreen.<no name provided>.invoke' type=kotlin.Any? origin=null
                  p2: TYPE_OP type=kotlin.coroutines.Continuation<*> origin=IMPLICIT_CAST typeOperand=kotlin.coroutines.Continuation<*>
                    GET_VAR 'p2: kotlin.Any? declared in com.example.aicamera.ui.CameraScreenKt.CameraScreen.<no name provided>.invoke' type=kotlin.Any? origin=null
        CONSTRUCTOR_CALL 'public/*package*/ constructor <init> ($errorMessage: kotlin.String?, $completion: kotlin.coroutines.Continuation<com.example.aicamera.ui.CameraScreenKt.CameraScreen.<no name provided>>?) [primary] declared in com.example.aicamera.ui.CameraScreenKt.CameraScreen.<no name provided>' type=com.example.aicamera.ui.CameraScreenKt.CameraScreen.<no name provided> origin=null
          $errorMessage: GET_VAR 'val errorMessage: kotlin.String? [val] declared in com.example.aicamera.ui.CameraScreenKt.CameraScreen' type=kotlin.String? origin=null
          $completion: CONST Null type=kotlin.Nothing? value=null
    CALL 'public final fun LaunchedEffect (key1: kotlin.Any?, block: @[ExtensionFunctionType] kotlin.coroutines.SuspendFunction1<kotlinx.coroutines.CoroutineScope, kotlin.Unit>): kotlin.Unit declared in androidx.compose.runtime.EffectsKt' type=kotlin.Unit origin=null
      key1: GET_VAR 'val uiState: com.example.aicamera.ui.CameraUIState [val] declared in com.example.aicamera.ui.CameraScreenKt.CameraScreen' type=com.example.aicamera.ui.CameraUIState origin=null
      block: BLOCK type=com.example.aicamera.ui.CameraScreenKt.CameraScreen.<no name provided> origin=null
        CLASS SUSPEND_LAMBDA CLASS name:<no name provided> modality:FINAL visibility:public/*package*/ superTypes:[kotlin.coroutines.jvm.internal.SuspendLambda; kotlin.jvm.functions.Function2<kotlinx.coroutines.CoroutineScope, kotlin.coroutines.Continuation<kotlin.Unit>?, kotlin.Any?>]
          $this: VALUE_PARAMETER INSTANCE_RECEIVER name:<this> type:com.example.aicamera.ui.CameraScreenKt.CameraScreen.<no name provided>
          FIELD name:label type:kotlin.Int visibility:public/*package*/
          CONSTRUCTOR SUSPEND_LAMBDA visibility:public/*package*/ <> ($uiState:com.example.aicamera.ui.CameraUIState, $viewModel:com.example.aicamera.ui.CameraViewModel, $completion:kotlin.coroutines.Continuation<com.example.aicamera.ui.CameraScreenKt.CameraScreen.<no name provided>>?) returnType:com.example.aicamera.ui.CameraScreenKt.CameraScreen.<no name provided> [primary]
            VALUE_PARAMETER BOUND_VALUE_PARAMETER name:$uiState index:0 type:com.example.aicamera.ui.CameraUIState
            VALUE_PARAMETER BOUND_VALUE_PARAMETER name:$viewModel index:1 type:com.example.aicamera.ui.CameraViewModel
            VALUE_PARAMETER name:$completion index:2 type:kotlin.coroutines.Continuation<com.example.aicamera.ui.CameraScreenKt.CameraScreen.<no name provided>>?
            BLOCK_BODY
              SET_FIELD 'FIELD FIELD_FOR_CAPTURED_VALUE name:$uiState type:com.example.aicamera.ui.CameraUIState visibility:public/*package*/ [final] declared in com.example.aicamera.ui.CameraScreenKt.CameraScreen.<no name provided>' type=kotlin.Unit origin=INITIALIZER_OF_FIELD_FOR_CAPTURED_VALUE
                receiver: GET_VAR '<this>: com.example.aicamera.ui.CameraScreenKt.CameraScreen.<no name provided> declared in com.example.aicamera.ui.CameraScreenKt.CameraScreen.<no name provided>' type=com.example.aicamera.ui.CameraScreenKt.CameraScreen.<no name provided> origin=null
                value: GET_VAR '$uiState: com.example.aicamera.ui.CameraUIState declared in com.example.aicamera.ui.CameraScreenKt.CameraScreen.<no name provided>.<init>' type=com.example.aicamera.ui.CameraUIState origin=null
              SET_FIELD 'FIELD FIELD_FOR_CAPTURED_VALUE name:$viewModel type:com.example.aicamera.ui.CameraViewModel visibility:public/*package*/ [final] declared in com.example.aicamera.ui.CameraScreenKt.CameraScreen.<no name provided>' type=kotlin.Unit origin=INITIALIZER_OF_FIELD_FOR_CAPTURED_VALUE
                receiver: GET_VAR '<this>: com.example.aicamera.ui.CameraScreenKt.CameraScreen.<no name provided> declared in com.example.aicamera.ui.CameraScreenKt.CameraScreen.<no name provided>' type=com.example.aicamera.ui.CameraScreenKt.CameraScreen.<no name provided> origin=null
                value: GET_VAR '$viewModel: com.example.aicamera.ui.CameraViewModel declared in com.example.aicamera.ui.CameraScreenKt.CameraScreen.<no name provided>.<init>' type=com.example.aicamera.ui.CameraViewModel origin=null
              DELEGATING_CONSTRUCTOR_CALL 'public constructor <init> (arity: kotlin.Int, $completion: kotlin.coroutines.Continuation<kotlin.Any?>?) declared in kotlin.coroutines.jvm.internal.SuspendLambda'
                arity: CONST Int type=kotlin.Int value=2
                $completion: GET_VAR '$completion: kotlin.coroutines.Continuation<com.example.aicamera.ui.CameraScreenKt.CameraScreen.<no name provided>>? declared in com.example.aicamera.ui.CameraScreenKt.CameraScreen.<no name provided>.<init>' type=kotlin.coroutines.Continuation<com.example.aicamera.ui.CameraScreenKt.CameraScreen.<no name provided>>? origin=null
              BLOCK type=kotlin.Unit origin=null
          FUN name:invokeSuspend visibility:public modality:FINAL <> ($this:com.example.aicamera.ui.CameraScreenKt.CameraScreen.<no name provided>, $result:kotlin.Result<kotlin.Any?>) returnType:kotlin.Any?
            overridden:
              protected abstract fun invokeSuspend ($result: kotlin.Result<kotlin.Any?>): kotlin.Any? declared in kotlin.coroutines.jvm.internal.SuspendLambda
            $this: VALUE_PARAMETER INSTANCE_RECEIVER name:<this> type:com.example.aicamera.ui.CameraScreenKt.CameraScreen.<no name provided>
            VALUE_PARAMETER name:$result index:0 type:kotlin.Result<kotlin.Any?>
            BLOCK_BODY
              WHEN type=kotlin.Unit origin=IF
                BRANCH
                  if: TYPE_OP type=kotlin.Boolean origin=INSTANCEOF typeOperand=com.example.aicamera.ui.CameraUIState.PhotoSaved
                    GET_FIELD 'FIELD FIELD_FOR_CAPTURED_VALUE name:$uiState type:com.example.aicamera.ui.CameraUIState visibility:public/*package*/ [final] declared in com.example.aicamera.ui.CameraScreenKt.CameraScreen.<no name provided>' type=com.example.aicamera.ui.CameraUIState origin=null
                      receiver: GET_VAR '<this>: com.example.aicamera.ui.CameraScreenKt.CameraScreen.<no name provided> declared in com.example.aicamera.ui.CameraScreenKt.CameraScreen.<no name provided>.invokeSuspend' type=com.example.aicamera.ui.CameraScreenKt.CameraScreen.<no name provided> origin=null
                  then: BLOCK type=kotlin.Unit origin=null
                    CALL 'public final fun delay (timeMillis: kotlin.Long, $completion: kotlin.coroutines.Continuation<kotlin.Unit>): kotlin.Any? [suspend] declared in kotlinx.coroutines.DelayKt' type=kotlin.Unit origin=null
                      timeMillis: CONST Long type=kotlin.Long value=2000
                      $completion: GET_VAR '<this>: com.example.aicamera.ui.CameraScreenKt.CameraScreen.<no name provided> declared in com.example.aicamera.ui.CameraScreenKt.CameraScreen.<no name provided>.invokeSuspend' type=com.example.aicamera.ui.CameraScreenKt.CameraScreen.<no name provided> origin=null
                    CALL 'public final fun resumePreview (): kotlin.Unit declared in com.example.aicamera.ui.CameraViewModel' type=kotlin.Unit origin=null
                      $this: GET_FIELD 'FIELD FIELD_FOR_CAPTURED_VALUE name:$viewModel type:com.example.aicamera.ui.CameraViewModel visibility:public/*package*/ [final] declared in com.example.aicamera.ui.CameraScreenKt.CameraScreen.<no name provided>' type=com.example.aicamera.ui.CameraViewModel origin=null
                        receiver: GET_VAR '<this>: com.example.aicamera.ui.CameraScreenKt.CameraScreen.<no name provided> declared in com.example.aicamera.ui.CameraScreenKt.CameraScreen.<no name provided>.invokeSuspend' type=com.example.aicamera.ui.CameraScreenKt.CameraScreen.<no name provided> origin=null
          FUN name:create visibility:public modality:FINAL <> ($this:com.example.aicamera.ui.CameraScreenKt.CameraScreen.<no name provided>, value:kotlin.Any?, $completion:kotlin.coroutines.Continuation<kotlin.Nothing>) returnType:kotlin.coroutines.Continuation<kotlin.Unit>
            overridden:
              public open fun create (value: kotlin.Any?, $completion: kotlin.coroutines.Continuation<kotlin.Nothing>): kotlin.coroutines.Continuation<kotlin.Unit> declared in kotlin.coroutines.jvm.internal.SuspendLambda
            $this: VALUE_PARAMETER INSTANCE_RECEIVER name:<this> type:com.example.aicamera.ui.CameraScreenKt.CameraScreen.<no name provided>
            VALUE_PARAMETER name:value index:0 type:kotlin.Any?
            VALUE_PARAMETER name:$completion index:1 type:kotlin.coroutines.Continuation<kotlin.Nothing>
            BLOCK_BODY
              RETURN type=kotlin.Nothing from='public final fun create (value: kotlin.Any?, $completion: kotlin.coroutines.Continuation<kotlin.Nothing>): kotlin.coroutines.Continuation<kotlin.Unit> declared in com.example.aicamera.ui.CameraScreenKt.CameraScreen.<no name provided>'
                CONSTRUCTOR_CALL 'public/*package*/ constructor <init> ($uiState: com.example.aicamera.ui.CameraUIState, $viewModel: com.example.aicamera.ui.CameraViewModel, $completion: kotlin.coroutines.Continuation<com.example.aicamera.ui.CameraScreenKt.CameraScreen.<no name provided>>?) [primary] declared in com.example.aicamera.ui.CameraScreenKt.CameraScreen.<no name provided>' type=com.example.aicamera.ui.CameraScreenKt.CameraScreen.<no name provided> origin=null
                  $uiState: GET_FIELD 'FIELD FIELD_FOR_CAPTURED_VALUE name:$uiState type:com.example.aicamera.ui.CameraUIState visibility:public/*package*/ [final] declared in com.example.aicamera.ui.CameraScreenKt.CameraScreen.<no name provided>' type=com.example.aicamera.ui.CameraUIState origin=null
                    receiver: GET_VAR '<this>: com.example.aicamera.ui.CameraScreenKt.CameraScreen.<no name provided> declared in com.example.aicamera.ui.CameraScreenKt.CameraScreen.<no name provided>.create' type=com.example.aicamera.ui.CameraScreenKt.CameraScreen.<no name provided> origin=null
                  $viewModel: GET_FIELD 'FIELD FIELD_FOR_CAPTURED_VALUE name:$viewModel type:com.example.aicamera.ui.CameraViewModel visibility:public/*package*/ [final] declared in com.example.aicamera.ui.CameraScreenKt.CameraScreen.<no name provided>' type=com.example.aicamera.ui.CameraViewModel origin=null
                    receiver: GET_VAR '<this>: com.example.aicamera.ui.CameraScreenKt.CameraScreen.<no name provided> declared in com.example.aicamera.ui.CameraScreenKt.CameraScreen.<no name provided>.create' type=com.example.aicamera.ui.CameraScreenKt.CameraScreen.<no name provided> origin=null
                  $completion: GET_VAR '$completion: kotlin.coroutines.Continuation<kotlin.Nothing> declared in com.example.aicamera.ui.CameraScreenKt.CameraScreen.<no name provided>.create' type=kotlin.coroutines.Continuation<kotlin.Nothing> origin=null
          FUN name:invoke visibility:public modality:FINAL <> ($this:com.example.aicamera.ui.CameraScreenKt.CameraScreen.<no name provided>, p1:kotlinx.coroutines.CoroutineScope, p2:kotlin.coroutines.Continuation<kotlin.Unit>?) returnType:kotlin.Any?
            overridden:
              public abstract fun invoke (p1: P1 of kotlin.jvm.functions.Function2, p2: P2 of kotlin.jvm.functions.Function2): R of kotlin.jvm.functions.Function2 declared in kotlin.jvm.functions.Function2
            $this: VALUE_PARAMETER INSTANCE_RECEIVER name:<this> type:com.example.aicamera.ui.CameraScreenKt.CameraScreen.<no name provided>
            VALUE_PARAMETER name:p1 index:0 type:kotlinx.coroutines.CoroutineScope
            VALUE_PARAMETER name:p2 index:1 type:kotlin.coroutines.Continuation<kotlin.Unit>?
            BLOCK_BODY
              RETURN type=kotlin.Nothing from='public final fun invoke (p1: kotlinx.coroutines.CoroutineScope, p2: kotlin.coroutines.Continuation<kotlin.Unit>?): kotlin.Any? declared in com.example.aicamera.ui.CameraScreenKt.CameraScreen.<no name provided>'
                CALL 'public final fun invokeSuspend ($result: kotlin.Result<kotlin.Any?>): kotlin.Any? declared in com.example.aicamera.ui.CameraScreenKt.CameraScreen.<no name provided>' type=kotlin.Any? origin=null
                  $this: TYPE_OP type=com.example.aicamera.ui.CameraScreenKt.CameraScreen.<no name provided> origin=IMPLICIT_CAST typeOperand=com.example.aicamera.ui.CameraScreenKt.CameraScreen.<no name provided>
                    CALL 'public final fun create (value: kotlin.Any?, $completion: kotlin.coroutines.Continuation<kotlin.Nothing>): kotlin.coroutines.Continuation<kotlin.Unit> declared in com.example.aicamera.ui.CameraScreenKt.CameraScreen.<no name provided>' type=kotlin.coroutines.Continuation<kotlin.Unit> origin=null
                      $this: GET_VAR '<this>: com.example.aicamera.ui.CameraScreenKt.CameraScreen.<no name provided> declared in com.example.aicamera.ui.CameraScreenKt.CameraScreen.<no name provided>.invoke' type=com.example.aicamera.ui.CameraScreenKt.CameraScreen.<no name provided> origin=null
                      value: GET_VAR 'p1: kotlinx.coroutines.CoroutineScope declared in com.example.aicamera.ui.CameraScreenKt.CameraScreen.<no name provided>.invoke' type=kotlinx.coroutines.CoroutineScope origin=null
                      $completion: GET_VAR 'p2: kotlin.coroutines.Continuation<kotlin.Unit>? declared in com.example.aicamera.ui.CameraScreenKt.CameraScreen.<no name provided>.invoke' type=kotlin.coroutines.Continuation<kotlin.Unit>? origin=null
                  $result: CALL 'public final fun <unsafe-coerce> <T, R> (v: T of kotlin.jvm.internal.<unsafe-coerce>): R of kotlin.jvm.internal.<unsafe-coerce> declared in kotlin.jvm.internal' type=kotlin.Result<kotlin.Any?> origin=null
                    <T>: kotlin.Any?
                    <R>: kotlin.Result<kotlin.Any?>
                    v: GET_FIELD 'FIELD FIELD_FOR_OBJECT_INSTANCE name:INSTANCE type:kotlin.Unit visibility:public [final,static] declared in kotlin.Unit' type=kotlin.Unit origin=null
          FIELD FIELD_FOR_CAPTURED_VALUE name:$uiState type:com.example.aicamera.ui.CameraUIState visibility:public/*package*/ [final]
          FIELD FIELD_FOR_CAPTURED_VALUE name:$viewModel type:com.example.aicamera.ui.CameraViewModel visibility:public/*package*/ [final]
          FUN BRIDGE name:invoke visibility:public modality:OPEN <> ($this:com.example.aicamera.ui.CameraScreenKt.CameraScreen.<no name provided>, p1:kotlin.Any?, p2:kotlin.Any?) returnType:kotlin.Any?
            $this: VALUE_PARAMETER INSTANCE_RECEIVER name:<this> type:com.example.aicamera.ui.CameraScreenKt.CameraScreen.<no name provided>
            VALUE_PARAMETER BRIDGE name:p1 index:0 type:kotlin.Any?
            VALUE_PARAMETER BRIDGE name:p2 index:1 type:kotlin.Any?
            EXPRESSION_BODY
              RETURN type=kotlin.Nothing from='public open fun invoke (p1: kotlin.Any?, p2: kotlin.Any?): kotlin.Any? declared in com.example.aicamera.ui.CameraScreenKt.CameraScreen.<no name provided>'
                CALL 'public final fun invoke (p1: kotlinx.coroutines.CoroutineScope, p2: kotlin.coroutines.Continuation<kotlin.Unit>?): kotlin.Any? declared in com.example.aicamera.ui.CameraScreenKt.CameraScreen.<no name provided>' type=kotlin.Any? origin=BRIDGE_DELEGATION
                  $this: GET_VAR '<this>: com.example.aicamera.ui.CameraScreenKt.CameraScreen.<no name provided> declared in com.example.aicamera.ui.CameraScreenKt.CameraScreen.<no name provided>.invoke' type=com.example.aicamera.ui.CameraScreenKt.CameraScreen.<no name provided> origin=null
                  p1: TYPE_OP type=kotlinx.coroutines.CoroutineScope origin=IMPLICIT_CAST typeOperand=kotlinx.coroutines.CoroutineScope
                    GET_VAR 'p1: kotlin.Any? declared in com.example.aicamera.ui.CameraScreenKt.CameraScreen.<no name provided>.invoke' type=kotlin.Any? origin=null
                  p2: TYPE_OP type=kotlin.coroutines.Continuation<*> origin=IMPLICIT_CAST typeOperand=kotlin.coroutines.Continuation<*>
                    GET_VAR 'p2: kotlin.Any? declared in com.example.aicamera.ui.CameraScreenKt.CameraScreen.<no name provided>.invoke' type=kotlin.Any? origin=null
        CONSTRUCTOR_CALL 'public/*package*/ constructor <init> ($uiState: com.example.aicamera.ui.CameraUIState, $viewModel: com.example.aicamera.ui.CameraViewModel, $completion: kotlin.coroutines.Continuation<com.example.aicamera.ui.CameraScreenKt.CameraScreen.<no name provided>>?) [primary] declared in com.example.aicamera.ui.CameraScreenKt.CameraScreen.<no name provided>' type=com.example.aicamera.ui.CameraScreenKt.CameraScreen.<no name provided> origin=null
          $uiState: GET_VAR 'val uiState: com.example.aicamera.ui.CameraUIState [val] declared in com.example.aicamera.ui.CameraScreenKt.CameraScreen' type=com.example.aicamera.ui.CameraUIState origin=null
          $viewModel: GET_VAR 'viewModel: com.example.aicamera.ui.CameraViewModel declared in com.example.aicamera.ui.CameraScreenKt.CameraScreen' type=com.example.aicamera.ui.CameraViewModel origin=null
          $completion: CONST Null type=kotlin.Nothing? value=null
    CALL 'public final fun Box$default (modifier: androidx.compose.ui.Modifier?, contentAlignment: androidx.compose.ui.Alignment?, propagateMinConstraints: kotlin.Boolean, content: @[Composable] @[ExtensionFunctionType] kotlin.Function1<androidx.compose.foundation.layout.BoxScope, kotlin.Unit>, $mask0: kotlin.Int, $handler: kotlin.Any?): kotlin.Unit [inline] declared in androidx.compose.foundation.layout.BoxKt' type=kotlin.Unit origin=DEFAULT_DISPATCH_CALL
      modifier: CALL 'public final fun background-bw27NRU$default (color: androidx.compose.ui.graphics.Color, shape: androidx.compose.ui.graphics.Shape?, $mask0: kotlin.Int, $handler: kotlin.Any?): androidx.compose.ui.Modifier declared in androidx.compose.foundation.BackgroundKt' type=androidx.compose.ui.Modifier origin=DEFAULT_DISPATCH_CALL
        $receiver: CALL 'public final fun fillMaxSize$default (fraction: kotlin.Float, $mask0: kotlin.Int, $handler: kotlin.Any?): androidx.compose.ui.Modifier declared in androidx.compose.foundation.layout.SizeKt' type=androidx.compose.ui.Modifier origin=DEFAULT_DISPATCH_CALL
          $receiver: GET_VAR 'modifier: androidx.compose.ui.Modifier declared in com.example.aicamera.ui.CameraScreenKt.CameraScreen' type=androidx.compose.ui.Modifier origin=null
          fraction: COMPOSITE type=kotlin.Float origin=DEFAULT_VALUE
            CONST Float type=kotlin.Float value=0.0
          $mask0: CONST Int type=kotlin.Int value=1
          $handler: CONST Null type=kotlin.Any? value=null
        color: CALL 'public final fun getBlack-0d7_KjU (): androidx.compose.ui.graphics.Color declared in androidx.compose.ui.graphics.Color.Companion' type=androidx.compose.ui.graphics.Color origin=GET_PROPERTY
          $this: GET_FIELD 'FIELD FIELD_FOR_OBJECT_INSTANCE name:Companion type:androidx.compose.ui.graphics.Color.Companion visibility:public [final,static] declared in androidx.compose.ui.graphics.Color' type=androidx.compose.ui.graphics.Color.Companion origin=null
        shape: COMPOSITE type=androidx.compose.ui.graphics.Shape? origin=DEFAULT_VALUE
          CONST Null type=androidx.compose.ui.graphics.Shape? value=null
        $mask0: CONST Int type=kotlin.Int value=2
        $handler: CONST Null type=kotlin.Any? value=null
      contentAlignment: COMPOSITE type=androidx.compose.ui.Alignment? origin=DEFAULT_VALUE
        CONST Null type=androidx.compose.ui.Alignment? value=null
      propagateMinConstraints: COMPOSITE type=kotlin.Boolean origin=DEFAULT_VALUE
        CONST Boolean type=kotlin.Boolean value=false
      content: BLOCK type=@[ExtensionFunctionType] kotlin.Function1<androidx.compose.foundation.layout.BoxScope, kotlin.Unit> origin=LAMBDA
        COMPOSITE type=kotlin.Unit origin=null
        FUNCTION_REFERENCE 'private final fun CameraScreen$lambda$3 ($viewModel: com.example.aicamera.ui.CameraViewModel, $lifecycleOwner: androidx.lifecycle.LifecycleOwner, $aiAdvice: kotlin.String, $uiState: com.example.aicamera.ui.CameraUIState, $voiceGuideEnabled: kotlin.Boolean, $errorMessage: kotlin.String?): kotlin.Unit declared in com.example.aicamera.ui.CameraScreenKt' type=@[ExtensionFunctionType] kotlin.Function1<androidx.compose.foundation.layout.BoxScope, kotlin.Unit> origin=INLINE_LAMBDA reflectionTarget=null
          $viewModel: GET_VAR 'viewModel: com.example.aicamera.ui.CameraViewModel declared in com.example.aicamera.ui.CameraScreenKt.CameraScreen' type=com.example.aicamera.ui.CameraViewModel origin=null
          $lifecycleOwner: GET_VAR 'lifecycleOwner: androidx.lifecycle.LifecycleOwner declared in com.example.aicamera.ui.CameraScreenKt.CameraScreen' type=androidx.lifecycle.LifecycleOwner origin=null
          $aiAdvice: GET_VAR 'val aiAdvice: kotlin.String [val] declared in com.example.aicamera.ui.CameraScreenKt.CameraScreen' type=kotlin.String origin=null
          $uiState: GET_VAR 'val uiState: com.example.aicamera.ui.CameraUIState [val] declared in com.example.aicamera.ui.CameraScreenKt.CameraScreen' type=com.example.aicamera.ui.CameraUIState origin=null
          $voiceGuideEnabled: GET_VAR 'val voiceGuideEnabled: kotlin.Boolean [val] declared in com.example.aicamera.ui.CameraScreenKt.CameraScreen' type=kotlin.Boolean origin=null
          $errorMessage: GET_VAR 'val errorMessage: kotlin.String? [val] declared in com.example.aicamera.ui.CameraScreenKt.CameraScreen' type=kotlin.String? origin=null
      $mask0: CONST Int type=kotlin.Int value=6
      $handler: CONST Null type=kotlin.Any? value=null

	at org.jetbrains.kotlin.backend.jvm.codegen.FunctionCodegen.generate(FunctionCodegen.kt:47)
	at org.jetbrains.kotlin.backend.jvm.codegen.FunctionCodegen.generate$default(FunctionCodegen.kt:40)
	at org.jetbrains.kotlin.backend.jvm.codegen.ClassCodegen.generateMethodNode(ClassCodegen.kt:406)
	at org.jetbrains.kotlin.backend.jvm.codegen.ClassCodegen.generateMethod(ClassCodegen.kt:423)
	at org.jetbrains.kotlin.backend.jvm.codegen.ClassCodegen.generate(ClassCodegen.kt:168)
	at org.jetbrains.kotlin.backend.jvm.FileCodegen.lower(JvmPhases.kt:39)
	at org.jetbrains.kotlin.backend.common.phaser.PhaseFactoriesKt.createFilePhase$lambda$4(PhaseFactories.kt:71)
	at org.jetbrains.kotlin.backend.common.phaser.PhaseBuildersKt$createSimpleNamedCompilerPhase$1.phaseBody(PhaseBuilders.kt:69)
	at org.jetbrains.kotlin.backend.common.phaser.SimpleNamedCompilerPhase.phaseBody(CompilerPhase.kt:226)
	at org.jetbrains.kotlin.backend.common.phaser.AbstractNamedCompilerPhase.invoke(CompilerPhase.kt:113)
	at org.jetbrains.kotlin.backend.common.phaser.PerformByIrFilePhase.invokeSequential(performByIrFile.kt:62)
	... 45 more
Caused by: org.jetbrains.kotlin.codegen.CompilationException: Back-end (JVM) Internal error: Couldn't inline method call: CALL 'public final fun Box$default (modifier: androidx.compose.ui.Modifier?, contentAlignment: androidx.compose.ui.Alignment?, propagateMinConstraints: kotlin.Boolean, content: @[Composable] @[ExtensionFunctionType] kotlin.Function1<androidx.compose.foundation.layout.BoxScope, kotlin.Unit>, $mask0: kotlin.Int, $handler: kotlin.Any?): kotlin.Unit [inline] declared in androidx.compose.foundation.layout.BoxKt' type=kotlin.Unit origin=DEFAULT_DISPATCH_CALL
Method: null
File is unknown
The root cause java.lang.IllegalStateException was thrown at: org.jetbrains.kotlin.codegen.inline.SourceCompilerForInlineKt.getMethodNode(SourceCompilerForInline.kt:118)
	at org.jetbrains.kotlin.codegen.inline.InlineCodegen.performInline(InlineCodegen.kt:65)
	at org.jetbrains.kotlin.backend.jvm.codegen.IrInlineCodegen.genInlineCall(IrInlineCodegen.kt:163)
	at org.jetbrains.kotlin.backend.jvm.codegen.IrInlineCallGenerator.genCall(IrInlineCallGenerator.kt:36)
	at org.jetbrains.kotlin.backend.jvm.codegen.ExpressionCodegen.visitCall(ExpressionCodegen.kt:653)
	at org.jetbrains.kotlin.backend.jvm.codegen.ExpressionCodegen.visitCall(ExpressionCodegen.kt:138)
	at org.jetbrains.kotlin.ir.expressions.IrCall.accept(IrCall.kt:24)
	at org.jetbrains.kotlin.backend.jvm.codegen.ExpressionCodegen.visitStatementContainer(ExpressionCodegen.kt:579)
	at org.jetbrains.kotlin.backend.jvm.codegen.ExpressionCodegen.visitBlockBody(ExpressionCodegen.kt:584)
	at org.jetbrains.kotlin.backend.jvm.codegen.ExpressionCodegen.visitBlockBody(ExpressionCodegen.kt:138)
	at org.jetbrains.kotlin.ir.expressions.IrBlockBody.accept(IrBlockBody.kt:20)
	at org.jetbrains.kotlin.backend.jvm.codegen.ExpressionCodegen.generate(ExpressionCodegen.kt:240)
	at org.jetbrains.kotlin.backend.jvm.codegen.FunctionCodegen.doGenerate(FunctionCodegen.kt:123)
	at org.jetbrains.kotlin.backend.jvm.codegen.FunctionCodegen.generate(FunctionCodegen.kt:44)
	... 55 more
Caused by: java.lang.IllegalStateException: couldn't find inline method Landroidx/compose/foundation/layout/BoxKt;.Box$default(Landroidx/compose/ui/Modifier;Landroidx/compose/ui/Alignment;ZLkotlin/jvm/functions/Function1;ILjava/lang/Object;)V
	at org.jetbrains.kotlin.codegen.inline.SourceCompilerForInlineKt.getMethodNode(SourceCompilerForInline.kt:118)
	at org.jetbrains.kotlin.codegen.inline.SourceCompilerForInlineKt.loadCompiledInlineFunction(SourceCompilerForInline.kt:96)
	at org.jetbrains.kotlin.backend.jvm.codegen.IrSourceCompilerForInline.compileInlineFunction(IrSourceCompilerForInline.kt:91)
	at org.jetbrains.kotlin.codegen.inline.InlineCodegen.compileInline(InlineCodegen.kt:43)
	at org.jetbrains.kotlin.codegen.inline.InlineCodegen.performInline(InlineCodegen.kt:51)
	... 67 more


